<?xml version="1.0" encoding="UTF-8"?>
<!-- Generated by org.testng.reporters.JUnitXMLReporter -->
<testsuite ignored="0" hostname="QB-TP3-2766" failures="0" tests="3" name="PositiveTest" time="34.888" errors="0" timestamp="2022-11-16T16:49:06 IST">
  <testcase classname="usingmaven.SubmitorderTest" name="SubmitOrder" time="14.107"/>
  <testcase classname="usingmaven.SubmitorderTest" name="SubmitOrder" time="14.272"/>
  <testcase classname="usingmaven.SubmitorderTest" name="verifyOrder" time="0.458"/>
</testsuite> <!-- PositiveTest -->
